{"user_id": 1018934971810979840, "user_name": "kalikingly", "command_name": "pay", "options": {"amount": "200", "account_to_pay": null, "account_name": "CN", "from_account": "LLL", "tax_account": null, "tax_percentage": null, "memo": null, "ephemeral": false}, "timestamp": 1713773212}
{"user_id": 1018934971810979840, "user_name": "kalikingly", "command_name": "list_accounts", "options": {"ephemeral": false}, "timestamp": 1713773960}
{"user_id": 1018934971810979840, "user_name": "kalikingly", "command_name": "pay", "options": {"amount": "327", "account_to_pay": "kalikingly", "account_name": null, "from_account": "LLL", "tax_account": null, "tax_percentage": null, "memo": null, "ephemeral": false}, "timestamp": 1713774014}
{"user_id": 1018934971810979840, "user_name": "kalikingly", "command_name": "list_accounts", "options": {"ephemeral": false}, "timestamp": 1713774022}
{"user_id": 1018934971810979840, "user_name": "kalikingly", "command_name": "pay", "options": {"amount": "327", "account_to_pay": null, "account_name": "LLL", "from_account": null, "tax_account": null, "tax_percentage": null, "memo": null, "ephemeral": false}, "timestamp": 1713774041}
{"user_id": 1018934971810979840, "user_name": "kalikingly", "command_name": "list_accounts", "options": {"ephemeral": false}, "timestamp": 1713774045}
{"user_id": 1018934971810979840, "user_name": "kalikingly", "command_name": "create_account", "options": {"account_name": "test", "command_name": "T", "account_type": "Company", "ephemeral": false}, "timestamp": 1713774065}
{"user_id": 1018934971810979840, "user_name": "kalikingly", "command_name": "list_accounts", "options": {"ephemeral": false}, "timestamp": 1713774069}
{"user_id": 1018934971810979840, "user_name": "kalikingly", "command_name": "list_accounts", "options": {"ephemeral": false}, "timestamp": 1713774080}
{"user_id": 1018934971810979840, "user_name": "kalikingly", "command_name": "pay", "options": {"amount": "100", "account_to_pay": null, "account_name": "LLL", "from_account": "T", "tax_account": null, "tax_percentage": null, "memo": null, "ephemeral": false}, "timestamp": 1713774110}
{"user_id": 1018934971810979840, "user_name": "kalikingly", "command_name": "list_accounts", "options": {"ephemeral": false}, "timestamp": 1713774114}
{"user_id": 1018934971810979840, "user_name": "kalikingly", "command_name": "list_accounts", "options": {"ephemeral": false}, "timestamp": 1713774247}
{"user_id": 1018934971810979840, "user_name": "kalikingly", "command_name": "pay", "options": {"amount": "100", "account_to_pay": null, "account_name": "LLL", "from_account": "T", "tax_account": null, "tax_percentage": null, "memo": null, "ephemeral": false}, "timestamp": 1713774264}
{"user_id": 1018934971810979840, "user_name": "kalikingly", "command_name": "list_accounts", "options": {"ephemeral": false}, "timestamp": 1713774271}
{"user_id": 1018934971810979840, "user_name": "kalikingly", "command_name": "list_accounts", "options": {"ephemeral": false}, "timestamp": 1713774389}
{"user_id": 1018934971810979840, "user_name": "kalikingly", "command_name": "pay", "options": {"amount": "100", "account_to_pay": null, "account_name": "LLL", "from_account": "T", "tax_account": null, "tax_percentage": null, "memo": null, "ephemeral": false}, "timestamp": 1713774398}
{"user_id": 1018934971810979840, "user_name": "kalikingly", "command_name": "pay", "options": {"amount": "99", "account_to_pay": null, "account_name": "LLL", "from_account": "T", "tax_account": null, "tax_percentage": null, "memo": null, "ephemeral": false}, "timestamp": 1713774420}
{"user_id": 1018934971810979840, "user_name": "kalikingly", "command_name": "list_accounts", "options": {"ephemeral": false}, "timestamp": 1713774423}
{"user_id": 1018934971810979840, "user_name": "kalikingly", "command_name": "list_accounts", "options": {"ephemeral": false}, "timestamp": 1713776088}
{"user_id": 1018934971810979840, "user_name": "kalikingly", "command_name": "pay", "options": {"amount": "50", "account_to_pay": "kalikingly", "account_name": null, "from_account": null, "tax_account": null, "tax_percentage": null, "memo": null, "ephemeral": false}, "timestamp": 1713777330}
{"user_id": 1018934971810979840, "user_name": "kalikingly", "command_name": "list_accounts", "options": {"ephemeral": false}, "timestamp": 1713777442}
{"user_id": 1018934971810979840, "user_name": "kalikingly", "command_name": "account", "options": {"ephemeral": false}, "timestamp": 1713777465}
{"user_id": 1018934971810979840, "user_name": "kalikingly", "command_name": "list_accounts", "options": {"ephemeral": false}, "timestamp": 1713777567}
{"user_id": 1018934971810979840, "user_name": "kalikingly", "command_name": "account", "options": {"ephemeral": false}, "timestamp": 1713777588}
{"user_id": 1018934971810979840, "user_name": "kalikingly", "command_name": "list_accounts", "options": {"ephemeral": false}, "timestamp": 1713777618}
{"user_id": 1018934971810979840, "user_name": "kalikingly", "command_name": "pay", "options": {"amount": "50", "account_to_pay": "kalikingly", "account_name": null, "from_account": null, "tax_account": null, "tax_percentage": null, "memo": null, "ephemeral": false}, "timestamp": 1713777633}
{"user_id": 1018934971810979840, "user_name": "kalikingly", "command_name": "list_accounts", "options": {"ephemeral": false}, "timestamp": 1713777638}
{"user_id": 1018934971810979840, "user_name": "kalikingly", "command_name": "pay", "options": {"amount": "50", "account_to_pay": "m_anfred", "account_name": null, "from_account": null, "tax_account": null, "tax_percentage": null, "memo": null, "ephemeral": false}, "timestamp": 1713777655}
{"user_id": 1018934971810979840, "user_name": "kalikingly", "command_name": "list_accounts", "options": {"ephemeral": false}, "timestamp": 1713777669}
{"user_id": 1018934971810979840, "user_name": "kalikingly", "command_name": "pay", "options": {"amount": "50", "account_to_pay": null, "account_name": "LLL", "from_account": null, "tax_account": null, "tax_percentage": null, "memo": null, "ephemeral": false}, "timestamp": 1713777702}
{"user_id": 1018934971810979840, "user_name": "kalikingly", "command_name": "list_accounts", "options": {"ephemeral": false}, "timestamp": 1713777706}
{"user_id": 1018934971810979840, "user_name": "kalikingly", "command_name": "pay", "options": {"amount": "50", "account_to_pay": "kalikingly", "account_name": null, "from_account": "LLL", "tax_account": null, "tax_percentage": null, "memo": null, "ephemeral": false}, "timestamp": 1713777735}
{"user_id": 1018934971810979840, "user_name": "kalikingly", "command_name": "list_accounts", "options": {"ephemeral": false}, "timestamp": 1713777739}
{"user_id": 1018934971810979840, "user_name": "kalikingly", "command_name": "pay", "options": {"amount": "50", "account_to_pay": null, "account_name": "T", "from_account": "LLL", "tax_account": null, "tax_percentage": null, "memo": null, "ephemeral": false}, "timestamp": 1713777755}
{"user_id": 1018934971810979840, "user_name": "kalikingly", "command_name": "list_accounts", "options": {"ephemeral": false}, "timestamp": 1713777758}
{"user_id": 1018934971810979840, "user_name": "kalikingly", "command_name": "pay", "options": {"amount": "150", "account_to_pay": null, "account_name": "LLL", "from_account": "T", "tax_account": null, "tax_percentage": null, "memo": null, "ephemeral": false}, "timestamp": 1713777787}
{"user_id": 1018934971810979840, "user_name": "kalikingly", "command_name": "list_accounts", "options": {"ephemeral": false}, "timestamp": 1713777791}
{"user_id": 1018934971810979840, "user_name": "kalikingly", "command_name": "list_accounts", "options": {"ephemeral": false}, "timestamp": 1713777888}
{"user_id": 1018934971810979840, "user_name": "kalikingly", "command_name": "pay", "options": {"amount": "50", "account_to_pay": "kalikingly", "account_name": null, "from_account": null, "tax_account": null, "tax_percentage": null, "memo": null, "ephemeral": false}, "timestamp": 1713777901}
{"user_id": 1018934971810979840, "user_name": "kalikingly", "command_name": "list_accounts", "options": {"ephemeral": true}, "timestamp": 1713778680}
{"user_id": 1018934971810979840, "user_name": "kalikingly", "command_name": "pay", "options": {"amount": "50", "account_to_pay": "kalikingly", "account_name": null, "from_account": null, "tax_account": null, "tax_percentage": null, "memo": null, "ephemeral": true}, "timestamp": 1713778691}
{"user_id": 1018934971810979840, "user_name": "kalikingly", "command_name": "list_accounts", "options": {"ephemeral": true}, "timestamp": 1713778698}
{"user_id": 1018934971810979840, "user_name": "kalikingly", "command_name": "list_accounts", "options": {"ephemeral": false}, "timestamp": 1713778992}
{"user_id": 1018934971810979840, "user_name": "kalikingly", "command_name": "pay", "options": {"amount": "150", "account_to_pay": null, "account_name": "LLL", "from_account": "T", "tax_account": null, "tax_percentage": null, "memo": null, "ephemeral": false}, "timestamp": 1713779011}
{"user_id": 1018934971810979840, "user_name": "kalikingly", "command_name": "list_accounts", "options": {"ephemeral": false}, "timestamp": 1713779016}
{"user_id": 1018934971810979840, "user_name": "kalikingly", "command_name": "list_accounts", "options": {"ephemeral": false}, "timestamp": 1713779221}
{"user_id": 1018934971810979840, "user_name": "kalikingly", "command_name": "pay", "options": {"amount": "150", "account_to_pay": null, "account_name": "LLL", "from_account": "T", "tax_account": null, "tax_percentage": null, "memo": null, "ephemeral": false}, "timestamp": 1713779232}
{"user_id": 1018934971810979840, "user_name": "kalikingly", "command_name": "list_accounts", "options": {"ephemeral": false}, "timestamp": 1713779238}
